
[2022-08-09 13:50:14.019] [level: DEBUG] [Thread: main] [ Class:cn.itcast.netty.TestByteBuffer >> Method: main:19 ]
DEBUG:读取到的字节数10

[2022-08-09 13:50:14.031] [level: DEBUG] [Thread: main] [ Class:cn.itcast.netty.TestByteBuffer >> Method: main:28 ]
DEBUG:实际字节1

[2022-08-09 13:50:14.032] [level: DEBUG] [Thread: main] [ Class:cn.itcast.netty.TestByteBuffer >> Method: main:28 ]
DEBUG:实际字节2

[2022-08-09 13:50:14.032] [level: DEBUG] [Thread: main] [ Class:cn.itcast.netty.TestByteBuffer >> Method: main:28 ]
DEBUG:实际字节3

[2022-08-09 13:50:14.032] [level: DEBUG] [Thread: main] [ Class:cn.itcast.netty.TestByteBuffer >> Method: main:28 ]
DEBUG:实际字节1

[2022-08-09 13:50:14.034] [level: DEBUG] [Thread: main] [ Class:cn.itcast.netty.TestByteBuffer >> Method: main:28 ]
DEBUG:实际字节3

[2022-08-09 13:50:14.037] [level: DEBUG] [Thread: main] [ Class:cn.itcast.netty.TestByteBuffer >> Method: main:28 ]
DEBUG:实际字节2

[2022-08-09 13:50:14.037] [level: DEBUG] [Thread: main] [ Class:cn.itcast.netty.TestByteBuffer >> Method: main:28 ]
DEBUG:实际字节1

[2022-08-09 13:50:14.038] [level: DEBUG] [Thread: main] [ Class:cn.itcast.netty.TestByteBuffer >> Method: main:28 ]
DEBUG:实际字节3

[2022-08-09 13:50:14.038] [level: DEBUG] [Thread: main] [ Class:cn.itcast.netty.TestByteBuffer >> Method: main:28 ]
DEBUG:实际字节c

[2022-08-09 13:50:14.039] [level: DEBUG] [Thread: main] [ Class:cn.itcast.netty.TestByteBuffer >> Method: main:28 ]
DEBUG:实际字节s

[2022-08-09 13:50:14.039] [level: DEBUG] [Thread: main] [ Class:cn.itcast.netty.TestByteBuffer >> Method: main:19 ]
DEBUG:读取到的字节数10

[2022-08-09 13:50:14.039] [level: DEBUG] [Thread: main] [ Class:cn.itcast.netty.TestByteBuffer >> Method: main:28 ]
DEBUG:实际字节d

[2022-08-09 13:50:14.040] [level: DEBUG] [Thread: main] [ Class:cn.itcast.netty.TestByteBuffer >> Method: main:28 ]
DEBUG:实际字节d

[2022-08-09 13:50:14.040] [level: DEBUG] [Thread: main] [ Class:cn.itcast.netty.TestByteBuffer >> Method: main:28 ]
DEBUG:实际字节f

[2022-08-09 13:50:14.041] [level: DEBUG] [Thread: main] [ Class:cn.itcast.netty.TestByteBuffer >> Method: main:28 ]
DEBUG:实际字节s

[2022-08-09 13:50:14.041] [level: DEBUG] [Thread: main] [ Class:cn.itcast.netty.TestByteBuffer >> Method: main:28 ]
DEBUG:实际字节d

[2022-08-09 13:50:14.042] [level: DEBUG] [Thread: main] [ Class:cn.itcast.netty.TestByteBuffer >> Method: main:28 ]
DEBUG:实际字节f

[2022-08-09 13:50:14.043] [level: DEBUG] [Thread: main] [ Class:cn.itcast.netty.TestByteBuffer >> Method: main:28 ]
DEBUG:实际字节a

[2022-08-09 13:50:14.044] [level: DEBUG] [Thread: main] [ Class:cn.itcast.netty.TestByteBuffer >> Method: main:28 ]
DEBUG:实际字节s

[2022-08-09 13:50:14.048] [level: DEBUG] [Thread: main] [ Class:cn.itcast.netty.TestByteBuffer >> Method: main:28 ]
DEBUG:实际字节d

[2022-08-09 13:50:14.049] [level: DEBUG] [Thread: main] [ Class:cn.itcast.netty.TestByteBuffer >> Method: main:28 ]
DEBUG:实际字节f

[2022-08-09 13:50:14.051] [level: DEBUG] [Thread: main] [ Class:cn.itcast.netty.TestByteBuffer >> Method: main:19 ]
DEBUG:读取到的字节数3

[2022-08-09 13:50:14.071] [level: DEBUG] [Thread: main] [ Class:cn.itcast.netty.TestByteBuffer >> Method: main:28 ]
DEBUG:实际字节d

[2022-08-09 13:50:14.084] [level: DEBUG] [Thread: main] [ Class:cn.itcast.netty.TestByteBuffer >> Method: main:28 ]
DEBUG:实际字节s

[2022-08-09 13:50:14.086] [level: DEBUG] [Thread: main] [ Class:cn.itcast.netty.TestByteBuffer >> Method: main:28 ]
DEBUG:实际字节f

[2022-08-09 13:50:14.088] [level: DEBUG] [Thread: main] [ Class:cn.itcast.netty.TestByteBuffer >> Method: main:19 ]
DEBUG:读取到的字节数-1
